2023-10-18 11:10:41,673 INFO  - Checking for migrations (HiveMQ version 2023.8).
2023-10-18 11:10:41,674 INFO  - Skipping migration because no persistence folder is present.
2023-10-18 11:10:41,674 INFO  - Checking for value migrations (HiveMQ version 2023.8).
2023-10-18 11:10:41,674 INFO  - Skipping migration because no persistence folder is present.
2023-10-18 11:10:42,208 INFO  - Write metadata file: MetaInformation{hivemqVersion='2023.8', clientSessionPersistenceVersion='040000', queuedMessagesPersistenceVersion='040500', subscriptionPersistenceVersion='040000', retainedMessagesPersistenceVersion='040500_R', publishPayloadPersistenceVersion='040500_R', retainedMessagesPersistenceType='FILE_NATIVE', publishPayloadPersistenceType='FILE_NATIVE'}
2023-10-18 11:10:42,214 INFO  - Finished migration.
2023-10-18 14:18:26,097 INFO  - Checking for migrations (HiveMQ version 2023.8).
2023-10-18 14:18:26,098 INFO  - Read metadata file: MetaInformation{hivemqVersion='2023.8', clientSessionPersistenceVersion='040000', queuedMessagesPersistenceVersion='040500', subscriptionPersistenceVersion='040000', retainedMessagesPersistenceVersion='040500_R', publishPayloadPersistenceVersion='040500_R', retainedMessagesPersistenceType='FILE_NATIVE', publishPayloadPersistenceType='FILE_NATIVE'}
2023-10-18 14:18:26,105 INFO  - Nothing to migrate found.
2023-10-18 14:18:26,105 INFO  - Checking for value migrations (HiveMQ version 2023.8).
2023-10-18 14:18:26,105 INFO  - Read metadata file: MetaInformation{hivemqVersion='2023.8', clientSessionPersistenceVersion='040000', queuedMessagesPersistenceVersion='040500', subscriptionPersistenceVersion='040000', retainedMessagesPersistenceVersion='040500_R', publishPayloadPersistenceVersion='040500_R', retainedMessagesPersistenceType='FILE_NATIVE', publishPayloadPersistenceType='FILE_NATIVE'}
2023-10-18 14:18:26,105 INFO  - Nothing to migrate found.
2023-10-18 14:18:26,625 INFO  - Read metadata file: MetaInformation{hivemqVersion='2023.8', clientSessionPersistenceVersion='040000', queuedMessagesPersistenceVersion='040500', subscriptionPersistenceVersion='040000', retainedMessagesPersistenceVersion='040500_R', publishPayloadPersistenceVersion='040500_R', retainedMessagesPersistenceType='FILE_NATIVE', publishPayloadPersistenceType='FILE_NATIVE'}
2023-10-18 14:18:26,627 INFO  - Write metadata file: MetaInformation{hivemqVersion='2023.8', clientSessionPersistenceVersion='040000', queuedMessagesPersistenceVersion='040500', subscriptionPersistenceVersion='040000', retainedMessagesPersistenceVersion='040500_R', publishPayloadPersistenceVersion='040500_R', retainedMessagesPersistenceType='FILE_NATIVE', publishPayloadPersistenceType='FILE_NATIVE'}
2023-10-18 14:18:26,627 INFO  - Finished migration.
2023-10-18 14:26:04,419 INFO  - Checking for migrations (HiveMQ version 2023.8).
2023-10-18 14:26:04,420 INFO  - Read metadata file: MetaInformation{hivemqVersion='2023.8', clientSessionPersistenceVersion='040000', queuedMessagesPersistenceVersion='040500', subscriptionPersistenceVersion='040000', retainedMessagesPersistenceVersion='040500_R', publishPayloadPersistenceVersion='040500_R', retainedMessagesPersistenceType='FILE_NATIVE', publishPayloadPersistenceType='FILE_NATIVE'}
2023-10-18 14:26:04,426 INFO  - Nothing to migrate found.
2023-10-18 14:26:04,426 INFO  - Checking for value migrations (HiveMQ version 2023.8).
2023-10-18 14:26:04,426 INFO  - Read metadata file: MetaInformation{hivemqVersion='2023.8', clientSessionPersistenceVersion='040000', queuedMessagesPersistenceVersion='040500', subscriptionPersistenceVersion='040000', retainedMessagesPersistenceVersion='040500_R', publishPayloadPersistenceVersion='040500_R', retainedMessagesPersistenceType='FILE_NATIVE', publishPayloadPersistenceType='FILE_NATIVE'}
2023-10-18 14:26:04,426 INFO  - Nothing to migrate found.
2023-10-18 14:26:04,937 INFO  - Read metadata file: MetaInformation{hivemqVersion='2023.8', clientSessionPersistenceVersion='040000', queuedMessagesPersistenceVersion='040500', subscriptionPersistenceVersion='040000', retainedMessagesPersistenceVersion='040500_R', publishPayloadPersistenceVersion='040500_R', retainedMessagesPersistenceType='FILE_NATIVE', publishPayloadPersistenceType='FILE_NATIVE'}
2023-10-18 14:26:04,939 INFO  - Write metadata file: MetaInformation{hivemqVersion='2023.8', clientSessionPersistenceVersion='040000', queuedMessagesPersistenceVersion='040500', subscriptionPersistenceVersion='040000', retainedMessagesPersistenceVersion='040500_R', publishPayloadPersistenceVersion='040500_R', retainedMessagesPersistenceType='FILE_NATIVE', publishPayloadPersistenceType='FILE_NATIVE'}
2023-10-18 14:26:04,939 INFO  - Finished migration.
2023-10-18 15:30:53,586 INFO  - Checking for migrations (HiveMQ version 2023.8).
2023-10-18 15:30:53,587 INFO  - Read metadata file: MetaInformation{hivemqVersion='2023.8', clientSessionPersistenceVersion='040000', queuedMessagesPersistenceVersion='040500', subscriptionPersistenceVersion='040000', retainedMessagesPersistenceVersion='040500_R', publishPayloadPersistenceVersion='040500_R', retainedMessagesPersistenceType='FILE_NATIVE', publishPayloadPersistenceType='FILE_NATIVE'}
2023-10-18 15:30:53,596 INFO  - Nothing to migrate found.
2023-10-18 15:30:53,596 INFO  - Checking for value migrations (HiveMQ version 2023.8).
2023-10-18 15:30:53,596 INFO  - Read metadata file: MetaInformation{hivemqVersion='2023.8', clientSessionPersistenceVersion='040000', queuedMessagesPersistenceVersion='040500', subscriptionPersistenceVersion='040000', retainedMessagesPersistenceVersion='040500_R', publishPayloadPersistenceVersion='040500_R', retainedMessagesPersistenceType='FILE_NATIVE', publishPayloadPersistenceType='FILE_NATIVE'}
2023-10-18 15:30:53,596 INFO  - Nothing to migrate found.
2023-10-18 15:30:54,357 INFO  - Read metadata file: MetaInformation{hivemqVersion='2023.8', clientSessionPersistenceVersion='040000', queuedMessagesPersistenceVersion='040500', subscriptionPersistenceVersion='040000', retainedMessagesPersistenceVersion='040500_R', publishPayloadPersistenceVersion='040500_R', retainedMessagesPersistenceType='FILE_NATIVE', publishPayloadPersistenceType='FILE_NATIVE'}
2023-10-18 15:30:54,358 INFO  - Write metadata file: MetaInformation{hivemqVersion='2023.8', clientSessionPersistenceVersion='040000', queuedMessagesPersistenceVersion='040500', subscriptionPersistenceVersion='040000', retainedMessagesPersistenceVersion='040500_R', publishPayloadPersistenceVersion='040500_R', retainedMessagesPersistenceType='FILE_NATIVE', publishPayloadPersistenceType='FILE_NATIVE'}
2023-10-18 15:30:54,358 INFO  - Finished migration.
2023-10-18 15:31:21,674 INFO  - Checking for migrations (HiveMQ version 2023.8).
2023-10-18 15:31:21,675 INFO  - Read metadata file: MetaInformation{hivemqVersion='2023.8', clientSessionPersistenceVersion='040000', queuedMessagesPersistenceVersion='040500', subscriptionPersistenceVersion='040000', retainedMessagesPersistenceVersion='040500_R', publishPayloadPersistenceVersion='040500_R', retainedMessagesPersistenceType='FILE_NATIVE', publishPayloadPersistenceType='FILE_NATIVE'}
2023-10-18 15:31:21,683 INFO  - Nothing to migrate found.
2023-10-18 15:31:21,683 INFO  - Checking for value migrations (HiveMQ version 2023.8).
2023-10-18 15:31:21,683 INFO  - Read metadata file: MetaInformation{hivemqVersion='2023.8', clientSessionPersistenceVersion='040000', queuedMessagesPersistenceVersion='040500', subscriptionPersistenceVersion='040000', retainedMessagesPersistenceVersion='040500_R', publishPayloadPersistenceVersion='040500_R', retainedMessagesPersistenceType='FILE_NATIVE', publishPayloadPersistenceType='FILE_NATIVE'}
2023-10-18 15:31:21,683 INFO  - Nothing to migrate found.
2023-10-18 15:31:22,383 INFO  - Read metadata file: MetaInformation{hivemqVersion='2023.8', clientSessionPersistenceVersion='040000', queuedMessagesPersistenceVersion='040500', subscriptionPersistenceVersion='040000', retainedMessagesPersistenceVersion='040500_R', publishPayloadPersistenceVersion='040500_R', retainedMessagesPersistenceType='FILE_NATIVE', publishPayloadPersistenceType='FILE_NATIVE'}
2023-10-18 15:31:22,385 INFO  - Write metadata file: MetaInformation{hivemqVersion='2023.8', clientSessionPersistenceVersion='040000', queuedMessagesPersistenceVersion='040500', subscriptionPersistenceVersion='040000', retainedMessagesPersistenceVersion='040500_R', publishPayloadPersistenceVersion='040500_R', retainedMessagesPersistenceType='FILE_NATIVE', publishPayloadPersistenceType='FILE_NATIVE'}
2023-10-18 15:31:22,385 INFO  - Finished migration.
2023-10-18 15:39:29,934 INFO  - Checking for migrations (HiveMQ version 2023.8).
2023-10-18 15:39:29,934 INFO  - Read metadata file: MetaInformation{hivemqVersion='2023.8', clientSessionPersistenceVersion='040000', queuedMessagesPersistenceVersion='040500', subscriptionPersistenceVersion='040000', retainedMessagesPersistenceVersion='040500_R', publishPayloadPersistenceVersion='040500_R', retainedMessagesPersistenceType='FILE_NATIVE', publishPayloadPersistenceType='FILE_NATIVE'}
2023-10-18 15:39:29,941 INFO  - Nothing to migrate found.
2023-10-18 15:39:29,941 INFO  - Checking for value migrations (HiveMQ version 2023.8).
2023-10-18 15:39:29,941 INFO  - Read metadata file: MetaInformation{hivemqVersion='2023.8', clientSessionPersistenceVersion='040000', queuedMessagesPersistenceVersion='040500', subscriptionPersistenceVersion='040000', retainedMessagesPersistenceVersion='040500_R', publishPayloadPersistenceVersion='040500_R', retainedMessagesPersistenceType='FILE_NATIVE', publishPayloadPersistenceType='FILE_NATIVE'}
2023-10-18 15:39:29,941 INFO  - Nothing to migrate found.
2023-10-18 15:39:30,455 INFO  - Read metadata file: MetaInformation{hivemqVersion='2023.8', clientSessionPersistenceVersion='040000', queuedMessagesPersistenceVersion='040500', subscriptionPersistenceVersion='040000', retainedMessagesPersistenceVersion='040500_R', publishPayloadPersistenceVersion='040500_R', retainedMessagesPersistenceType='FILE_NATIVE', publishPayloadPersistenceType='FILE_NATIVE'}
2023-10-18 15:39:30,457 INFO  - Write metadata file: MetaInformation{hivemqVersion='2023.8', clientSessionPersistenceVersion='040000', queuedMessagesPersistenceVersion='040500', subscriptionPersistenceVersion='040000', retainedMessagesPersistenceVersion='040500_R', publishPayloadPersistenceVersion='040500_R', retainedMessagesPersistenceType='FILE_NATIVE', publishPayloadPersistenceType='FILE_NATIVE'}
2023-10-18 15:39:30,457 INFO  - Finished migration.
2023-10-18 15:44:18,446 INFO  - Checking for migrations (HiveMQ version 2023.8).
2023-10-18 15:44:18,447 INFO  - Read metadata file: MetaInformation{hivemqVersion='2023.8', clientSessionPersistenceVersion='040000', queuedMessagesPersistenceVersion='040500', subscriptionPersistenceVersion='040000', retainedMessagesPersistenceVersion='040500_R', publishPayloadPersistenceVersion='040500_R', retainedMessagesPersistenceType='FILE_NATIVE', publishPayloadPersistenceType='FILE_NATIVE'}
2023-10-18 15:44:18,454 INFO  - Nothing to migrate found.
2023-10-18 15:44:18,454 INFO  - Checking for value migrations (HiveMQ version 2023.8).
2023-10-18 15:44:18,454 INFO  - Read metadata file: MetaInformation{hivemqVersion='2023.8', clientSessionPersistenceVersion='040000', queuedMessagesPersistenceVersion='040500', subscriptionPersistenceVersion='040000', retainedMessagesPersistenceVersion='040500_R', publishPayloadPersistenceVersion='040500_R', retainedMessagesPersistenceType='FILE_NATIVE', publishPayloadPersistenceType='FILE_NATIVE'}
2023-10-18 15:44:18,454 INFO  - Nothing to migrate found.
2023-10-18 15:44:18,912 INFO  - Read metadata file: MetaInformation{hivemqVersion='2023.8', clientSessionPersistenceVersion='040000', queuedMessagesPersistenceVersion='040500', subscriptionPersistenceVersion='040000', retainedMessagesPersistenceVersion='040500_R', publishPayloadPersistenceVersion='040500_R', retainedMessagesPersistenceType='FILE_NATIVE', publishPayloadPersistenceType='FILE_NATIVE'}
2023-10-18 15:44:18,914 INFO  - Write metadata file: MetaInformation{hivemqVersion='2023.8', clientSessionPersistenceVersion='040000', queuedMessagesPersistenceVersion='040500', subscriptionPersistenceVersion='040000', retainedMessagesPersistenceVersion='040500_R', publishPayloadPersistenceVersion='040500_R', retainedMessagesPersistenceType='FILE_NATIVE', publishPayloadPersistenceType='FILE_NATIVE'}
2023-10-18 15:44:18,914 INFO  - Finished migration.
2023-10-18 17:55:58,097 INFO  - Checking for migrations (HiveMQ version 2023.8).
2023-10-18 17:55:58,098 INFO  - Read metadata file: MetaInformation{hivemqVersion='2023.8', clientSessionPersistenceVersion='040000', queuedMessagesPersistenceVersion='040500', subscriptionPersistenceVersion='040000', retainedMessagesPersistenceVersion='040500_R', publishPayloadPersistenceVersion='040500_R', retainedMessagesPersistenceType='FILE_NATIVE', publishPayloadPersistenceType='FILE_NATIVE'}
2023-10-18 17:55:58,104 INFO  - Nothing to migrate found.
2023-10-18 17:55:58,104 INFO  - Checking for value migrations (HiveMQ version 2023.8).
2023-10-18 17:55:58,105 INFO  - Read metadata file: MetaInformation{hivemqVersion='2023.8', clientSessionPersistenceVersion='040000', queuedMessagesPersistenceVersion='040500', subscriptionPersistenceVersion='040000', retainedMessagesPersistenceVersion='040500_R', publishPayloadPersistenceVersion='040500_R', retainedMessagesPersistenceType='FILE_NATIVE', publishPayloadPersistenceType='FILE_NATIVE'}
2023-10-18 17:55:58,105 INFO  - Nothing to migrate found.
2023-10-18 17:55:58,591 INFO  - Read metadata file: MetaInformation{hivemqVersion='2023.8', clientSessionPersistenceVersion='040000', queuedMessagesPersistenceVersion='040500', subscriptionPersistenceVersion='040000', retainedMessagesPersistenceVersion='040500_R', publishPayloadPersistenceVersion='040500_R', retainedMessagesPersistenceType='FILE_NATIVE', publishPayloadPersistenceType='FILE_NATIVE'}
2023-10-18 17:55:58,592 INFO  - Write metadata file: MetaInformation{hivemqVersion='2023.8', clientSessionPersistenceVersion='040000', queuedMessagesPersistenceVersion='040500', subscriptionPersistenceVersion='040000', retainedMessagesPersistenceVersion='040500_R', publishPayloadPersistenceVersion='040500_R', retainedMessagesPersistenceType='FILE_NATIVE', publishPayloadPersistenceType='FILE_NATIVE'}
2023-10-18 17:55:58,593 INFO  - Finished migration.
